Using pre-set license
Built from '2021.2/staging' branch; Version is '2021.2.4f1 (99ba6aa4c552) revision 10074730'; Using compiler version '192829333'; Build Type 'Release'
OS: 'Windows 10 Pro; OS build 19043.1415; Version 2009; 64bit' Language: 'en' Physical Memory: 16326 MB
BatchMode: 1, IsHumanControllingUs: 0, StartBugReporterOnCrash: 0, Is64bit: 1, IsPro: 0

COMMAND LINE ARGUMENTS:
C:\Program Files\Unity\Hub\Editor\2021.2.4f1\Editor\Unity.exe
-adb2
-batchMode
-noUpm
-name
AssetImportWorker2
-projectPath
D:/Personal/Unity/Licenta-A/Licenta-A
-logFile
Logs/AssetImportWorker2.log
-srvPort
55077
Successfully changed project path to: D:/Personal/Unity/Licenta-A/Licenta-A
D:/Personal/Unity/Licenta-A/Licenta-A
[UnityMemory] Configuration Parameters - Can be set up in boot.config
    "memorysetup-bucket-allocator-granularity=16"
    "memorysetup-bucket-allocator-bucket-count=8"
    "memorysetup-bucket-allocator-block-size=33554432"
    "memorysetup-bucket-allocator-block-count=8"
    "memorysetup-main-allocator-block-size=16777216"
    "memorysetup-thread-allocator-block-size=16777216"
    "memorysetup-gfx-main-allocator-block-size=16777216"
    "memorysetup-gfx-thread-allocator-block-size=16777216"
    "memorysetup-cache-allocator-block-size=4194304"
    "memorysetup-typetree-allocator-block-size=2097152"
    "memorysetup-profiler-bucket-allocator-granularity=16"
    "memorysetup-profiler-bucket-allocator-bucket-count=8"
    "memorysetup-profiler-bucket-allocator-block-size=33554432"
    "memorysetup-profiler-bucket-allocator-block-count=8"
    "memorysetup-profiler-allocator-block-size=16777216"
    "memorysetup-profiler-editor-allocator-block-size=1048576"
    "memorysetup-temp-allocator-size-main=16777216"
    "memorysetup-job-temp-allocator-block-size=2097152"
    "memorysetup-job-temp-allocator-block-size-background=1048576"
    "memorysetup-job-temp-allocator-reduction-small-platforms=262144"
    "memorysetup-temp-allocator-size-background-worker=32768"
    "memorysetup-temp-allocator-size-job-worker=262144"
    "memorysetup-temp-allocator-size-preload-manager=33554432"
    "memorysetup-temp-allocator-size-nav-mesh-worker=65536"
    "memorysetup-temp-allocator-size-audio-worker=65536"
    "memorysetup-temp-allocator-size-cloud-worker=32768"
    "memorysetup-temp-allocator-size-gi-baking-worker=262144"
    "memorysetup-temp-allocator-size-gfx=262144"
Refreshing native plugins compatible for Editor in 82.17 ms, found 3 plugins.
Preloading 0 native plugins for Editor in 0.00 ms.
Initialize engine version: 2021.2.4f1 (99ba6aa4c552)
[Subsystems] Discovering subsystems at path C:/Program Files/Unity/Hub/Editor/2021.2.4f1/Editor/Data/Resources/UnitySubsystems
[Subsystems] Discovering subsystems at path D:/Personal/Unity/Licenta-A/Licenta-A/Assets
GfxDevice: creating device client; threaded=0; jobified=0
Direct3D:
    Version:  Direct3D 11.0 [level 11.1]
    Renderer: Radeon RX 580 Series (ID=0x67df)
    Vendor:   ATI
    VRAM:     8171 MB
    Driver:   30.0.14011.3017
Initialize mono
Mono path[0] = 'C:/Program Files/Unity/Hub/Editor/2021.2.4f1/Editor/Data/Managed'
Mono path[1] = 'C:/Program Files/Unity/Hub/Editor/2021.2.4f1/Editor/Data/MonoBleedingEdge/lib/mono/unityjit-win32'
Mono config path = 'C:/Program Files/Unity/Hub/Editor/2021.2.4f1/Editor/Data/MonoBleedingEdge/etc'
Using monoOptions --debugger-agent=transport=dt_socket,embedding=1,server=y,suspend=n,address=127.0.0.1:56352
Begin MonoManager ReloadAssembly
Registering precompiled unity dll's ...
Register platform support module: C:/Program Files/Unity/Hub/Editor/2021.2.4f1/Editor/Data/PlaybackEngines/WindowsStandaloneSupport/UnityEditor.WindowsStandalone.Extensions.dll
Registered in 0.007260 seconds.
Native extension for WindowsStandalone target not found
Refreshing native plugins compatible for Editor in 79.13 ms, found 3 plugins.
Preloading 0 native plugins for Editor in 0.00 ms.
Mono: successfully reloaded assembly
- Completed reload, in  0.561 seconds
Domain Reload Profiling:
	ReloadAssembly (562ms)
		BeginReloadAssembly (65ms)
			ExecutionOrderSort (0ms)
			DisableScriptedObjects (0ms)
			BackupInstance (0ms)
			ReleaseScriptingObjects (0ms)
			CreateAndSetChildDomain (1ms)
		EndReloadAssembly (423ms)
			LoadAssemblies (62ms)
			RebuildTransferFunctionScriptingTraits (0ms)
			SetupTypeCache (89ms)
			ReleaseScriptCaches (0ms)
			RebuildScriptCaches (27ms)
			SetupLoadedEditorAssemblies (259ms)
				LogAssemblyErrors (0ms)
				InitializePlatformSupportModulesInManaged (14ms)
				SetLoadedEditorAssemblies (0ms)
				RefreshPlugins (79ms)
				BeforeProcessingInitializeOnLoad (1ms)
				ProcessInitializeOnLoadAttributes (125ms)
				ProcessInitializeOnLoadMethodAttributes (39ms)
				AfterProcessingInitializeOnLoad (0ms)
				EditorAssembliesLoaded (0ms)
			ExecutionOrderSort2 (0ms)
			AwakeInstancesAfterBackupRestoration (0ms)
Platform modules already initialized, skipping
Registering precompiled user dll's ...
Registered in 0.006411 seconds.
Begin MonoManager ReloadAssembly
Symbol file LoadedFromMemory doesn't match image D:\Personal\Unity\Licenta-A\Licenta-A\Library\PackageCache\com.unity.visualscripting@1.7.5\Editor\VisualScripting.Core\Dependencies\YamlDotNet\Unity.VisualScripting.YamlDotNet.dll
Symbol file LoadedFromMemory doesn't match image D:\Personal\Unity\Licenta-A\Licenta-A\Library\PackageCache\com.unity.visualscripting@1.7.5\Editor\VisualScripting.Core\Dependencies\DotNetZip\Unity.VisualScripting.IonicZip.dll
Native extension for WindowsStandalone target not found
Refreshing native plugins compatible for Editor in 80.82 ms, found 3 plugins.
Preloading 0 native plugins for Editor in 0.00 ms.
Mono: successfully reloaded assembly
- Completed reload, in  1.423 seconds
Domain Reload Profiling:
	ReloadAssembly (1424ms)
		BeginReloadAssembly (153ms)
			ExecutionOrderSort (0ms)
			DisableScriptedObjects (5ms)
			BackupInstance (0ms)
			ReleaseScriptingObjects (0ms)
			CreateAndSetChildDomain (18ms)
		EndReloadAssembly (1186ms)
			LoadAssemblies (79ms)
			RebuildTransferFunctionScriptingTraits (0ms)
			SetupTypeCache (232ms)
			ReleaseScriptCaches (1ms)
			RebuildScriptCaches (51ms)
			SetupLoadedEditorAssemblies (735ms)
				LogAssemblyErrors (0ms)
				InitializePlatformSupportModulesInManaged (10ms)
				SetLoadedEditorAssemblies (0ms)
				RefreshPlugins (81ms)
				BeforeProcessingInitializeOnLoad (90ms)
				ProcessInitializeOnLoadAttributes (477ms)
				ProcessInitializeOnLoadMethodAttributes (69ms)
				AfterProcessingInitializeOnLoad (9ms)
				EditorAssembliesLoaded (0ms)
			ExecutionOrderSort2 (0ms)
			AwakeInstancesAfterBackupRestoration (6ms)
Platform modules already initialized, skipping
========================================================================
Worker process is ready to serve import requests
Launched and connected shader compiler UnityShaderCompiler.exe after 0.04 seconds
Refreshing native plugins compatible for Editor in 0.68 ms, found 3 plugins.
Preloading 0 native plugins for Editor in 0.00 ms.
Unloading 4854 Unused Serialized files (Serialized files now loaded: 0)
Unloading 33 unused Assets / (0.7 MB). Loaded Objects now: 5304.
Memory consumption went from 193.5 MB to 192.8 MB.
Total: 3.497500 ms (FindLiveObjects: 0.334900 ms CreateObjectMapping: 0.234000 ms MarkObjects: 2.675800 ms  DeleteObjects: 0.252100 ms)

AssetImportParameters requested are different than current active one (requested -> active):
  custom:video-decoder-ogg-theora: a1e56fd34408186e4bbccfd4996cb3dc -> 
  custom:container-muxer-webm: aa71ff27fc2769a1b78a27578f13a17b -> 
  custom:container-demuxer-webm: 4f35f7cbe854078d1ac9338744f61a02 -> 
  custom:video-encoder-webm-vp8: eb34c28f22e8b96e1ab97ce403110664 -> 
  custom:audio-encoder-webm-vorbis: bf7c407c2cedff20999df2af8eb42d56 -> 
  custom:framework-win-MediaFoundation: 216162199b28c13a410421893ffa2e32 -> 
  custom:container-demuxer-ogg: 62fdf1f143b41e24485cea50d1cbac27 -> 
  custom:video-decoder-webm-vp8: 9c59270c3fd7afecdb556c50c9e8de78 -> 
  custom:audio-decoder-ogg-vorbis: bf7c407c2cedff20999df2af8eb42d56 -> 
========================================================================
Received Import Request.
  Time since last request: 275551.611749 seconds.
  path: Assets/TutorialInfo/Icons/URP.png
  artifactKey: Guid(727a75301c3d24613a3ebcec4a24c2c8) Importer(815301076,1909f56bfc062723c751e8b465ee728b)
Start importing Assets/TutorialInfo/Icons/URP.png using Guid(727a75301c3d24613a3ebcec4a24c2c8) Importer(815301076,1909f56bfc062723c751e8b465ee728b)  -> (artifact id: '5ed08a094c46659e2c3c4012215b3965') in 0.110796 seconds 
========================================================================
Received Import Request.
  Time since last request: 2.650038 seconds.
  path: Assets/TutorialInfo/Scripts/Editor/ReadmeEditor.cs
  artifactKey: Guid(476cc7d7cd9874016adc216baab94a0a) Importer(815301076,1909f56bfc062723c751e8b465ee728b)
Start importing Assets/TutorialInfo/Scripts/Editor/ReadmeEditor.cs using Guid(476cc7d7cd9874016adc216baab94a0a) Importer(815301076,1909f56bfc062723c751e8b465ee728b)  -> (artifact id: '9f2d330a8535f75b2379bab29b88a195') in 0.013920 seconds 
========================================================================
Received Import Request.
  Time since last request: 13.383087 seconds.
  path: Assets/Scenes/MainScene.unity
  artifactKey: Guid(550749677f86a0743923d5845231b133) Importer(815301076,1909f56bfc062723c751e8b465ee728b)
Start importing Assets/Scenes/MainScene.unity using Guid(550749677f86a0743923d5845231b133) Importer(815301076,1909f56bfc062723c751e8b465ee728b)  -> (artifact id: '0b01b5dccfc4ba20c098b9202164e74a') in 0.004989 seconds 
========================================================================
Received Prepare
Registering precompiled user dll's ...
Registered in 0.006508 seconds.
Begin MonoManager ReloadAssembly
Symbol file LoadedFromMemory doesn't match image D:\Personal\Unity\Licenta-A\Licenta-A\Library\PackageCache\com.unity.visualscripting@1.7.5\Editor\VisualScripting.Core\Dependencies\YamlDotNet\Unity.VisualScripting.YamlDotNet.dll
Symbol file LoadedFromMemory doesn't match image D:\Personal\Unity\Licenta-A\Licenta-A\Library\PackageCache\com.unity.visualscripting@1.7.5\Editor\VisualScripting.Core\Dependencies\DotNetZip\Unity.VisualScripting.IonicZip.dll
Native extension for WindowsStandalone target not found
Refreshing native plugins compatible for Editor in 0.82 ms, found 3 plugins.
Preloading 0 native plugins for Editor in 0.00 ms.
Mono: successfully reloaded assembly
- Completed reload, in  1.220 seconds
Domain Reload Profiling:
	ReloadAssembly (1221ms)
		BeginReloadAssembly (125ms)
			ExecutionOrderSort (0ms)
			DisableScriptedObjects (5ms)
			BackupInstance (0ms)
			ReleaseScriptingObjects (0ms)
			CreateAndSetChildDomain (44ms)
		EndReloadAssembly (1009ms)
			LoadAssemblies (79ms)
			RebuildTransferFunctionScriptingTraits (0ms)
			SetupTypeCache (250ms)
			ReleaseScriptCaches (1ms)
			RebuildScriptCaches (42ms)
			SetupLoadedEditorAssemblies (503ms)
				LogAssemblyErrors (0ms)
				InitializePlatformSupportModulesInManaged (11ms)
				SetLoadedEditorAssemblies (0ms)
				RefreshPlugins (1ms)
				BeforeProcessingInitializeOnLoad (75ms)
				ProcessInitializeOnLoadAttributes (331ms)
				ProcessInitializeOnLoadMethodAttributes (72ms)
				AfterProcessingInitializeOnLoad (12ms)
				EditorAssembliesLoaded (0ms)
			ExecutionOrderSort2 (0ms)
			AwakeInstancesAfterBackupRestoration (22ms)
Platform modules already initialized, skipping
Refreshing native plugins compatible for Editor in 1.04 ms, found 3 plugins.
Preloading 0 native plugins for Editor in 0.00 ms.
Unloading 4734 Unused Serialized files (Serialized files now loaded: 0)
Unloading 28 unused Assets / (0.7 MB). Loaded Objects now: 5323.
Memory consumption went from 186.0 MB to 185.3 MB.
Total: 3.775800 ms (FindLiveObjects: 0.350200 ms CreateObjectMapping: 0.261800 ms MarkObjects: 2.889200 ms  DeleteObjects: 0.273700 ms)

AssetImportParameters requested are different than current active one (requested -> active):
  custom:video-decoder-ogg-theora: a1e56fd34408186e4bbccfd4996cb3dc -> 
  custom:container-muxer-webm: aa71ff27fc2769a1b78a27578f13a17b -> 
  custom:container-demuxer-webm: 4f35f7cbe854078d1ac9338744f61a02 -> 
  custom:video-encoder-webm-vp8: eb34c28f22e8b96e1ab97ce403110664 -> 
  custom:audio-encoder-webm-vorbis: bf7c407c2cedff20999df2af8eb42d56 -> 
  custom:framework-win-MediaFoundation: 216162199b28c13a410421893ffa2e32 -> 
  custom:container-demuxer-ogg: 62fdf1f143b41e24485cea50d1cbac27 -> 
  custom:video-decoder-webm-vp8: 9c59270c3fd7afecdb556c50c9e8de78 -> 
  custom:audio-decoder-ogg-vorbis: bf7c407c2cedff20999df2af8eb42d56 -> 
========================================================================
Received Import Request.
  Time since last request: 1142.345593 seconds.
  path: Assets/Visual
  artifactKey: Guid(28517c2da3f7cdb4d9fe8abddfc23849) Importer(815301076,1909f56bfc062723c751e8b465ee728b)
Start importing Assets/Visual using Guid(28517c2da3f7cdb4d9fe8abddfc23849) Importer(815301076,1909f56bfc062723c751e8b465ee728b)  -> (artifact id: '794d40b150ee0b0ea54faeae0dfe0386') in 0.009574 seconds 
========================================================================
Received Import Request.
  Time since last request: 4.794412 seconds.
  path: Assets/Visual/Shader
  artifactKey: Guid(753b8b9dcc166c24a9d8b3f912a8a243) Importer(815301076,1909f56bfc062723c751e8b465ee728b)
Start importing Assets/Visual/Shader using Guid(753b8b9dcc166c24a9d8b3f912a8a243) Importer(815301076,1909f56bfc062723c751e8b465ee728b)  -> (artifact id: 'ae1eca289f4f98d95ab063e180eb3bc7') in 0.004411 seconds 
========================================================================
Received Import Request.
  Time since last request: 41.411338 seconds.
  path: Assets/Visual/Shader/GridShaderr.shadergraph
  artifactKey: Guid(bff2ece5a399fe143b9cafcb29321ba4) Importer(815301076,1909f56bfc062723c751e8b465ee728b)
Start importing Assets/Visual/Shader/GridShaderr.shadergraph using Guid(bff2ece5a399fe143b9cafcb29321ba4) Importer(815301076,1909f56bfc062723c751e8b465ee728b)  -> (artifact id: 'bed81b38261ca818ebe7dc3f988072aa') in 0.016213 seconds 
========================================================================
Received Import Request.
  Time since last request: 3.795621 seconds.
  path: Assets/Visual/Shader/GridShader.shadergraph
  artifactKey: Guid(bff2ece5a399fe143b9cafcb29321ba4) Importer(815301076,1909f56bfc062723c751e8b465ee728b)
Start importing Assets/Visual/Shader/GridShader.shadergraph using Guid(bff2ece5a399fe143b9cafcb29321ba4) Importer(815301076,1909f56bfc062723c751e8b465ee728b)  -> (artifact id: 'a0c3d054dff93d549137b73a4a63421e') in 0.006101 seconds 
========================================================================
Received Import Request.
  Time since last request: 71.043150 seconds.
  path: Assets/Visual/Shader/GridShader.shadergraph
  artifactKey: Guid(bff2ece5a399fe143b9cafcb29321ba4) Importer(815301076,1909f56bfc062723c751e8b465ee728b)
Start importing Assets/Visual/Shader/GridShader.shadergraph using Guid(bff2ece5a399fe143b9cafcb29321ba4) Importer(815301076,1909f56bfc062723c751e8b465ee728b)  -> (artifact id: '9e6daa3ae6b2c9e303afd9789b6014c6') in 0.002674 seconds 
========================================================================
Received Import Request.
  Time since last request: 8.765441 seconds.
  path: Assets/Visual/New Material.mat
  artifactKey: Guid(5f31dbcffb2e4044fbeed031bfdfd7ce) Importer(815301076,1909f56bfc062723c751e8b465ee728b)
Start importing Assets/Visual/New Material.mat using Guid(5f31dbcffb2e4044fbeed031bfdfd7ce) Importer(815301076,1909f56bfc062723c751e8b465ee728b)  -> (artifact id: '23c3885089d147feb83fa31aceb1c125') in 0.213001 seconds 
========================================================================
Received Import Request.
  Time since last request: 5.543158 seconds.
  path: Assets/Visual/Material
  artifactKey: Guid(86eabad8df31a8f4cae34ee4401e8cbe) Importer(815301076,1909f56bfc062723c751e8b465ee728b)
Start importing Assets/Visual/Material using Guid(86eabad8df31a8f4cae34ee4401e8cbe) Importer(815301076,1909f56bfc062723c751e8b465ee728b)  -> (artifact id: '297b4f4bb32435a08446f45cbe8e2aac') in 0.004680 seconds 
========================================================================
Received Import Request.
  Time since last request: 13.578127 seconds.
  path: Assets/Visual/Material/Grid.mat
  artifactKey: Guid(d4d83b40cd740e54d9229febb4d9be7b) Importer(815301076,1909f56bfc062723c751e8b465ee728b)
Start importing Assets/Visual/Material/Grid.mat using Guid(d4d83b40cd740e54d9229febb4d9be7b) Importer(815301076,1909f56bfc062723c751e8b465ee728b)  -> (artifact id: '53bec34245329bfd1be13f9ab709b8e3') in 0.017509 seconds 
========================================================================
Received Import Request.
  Time since last request: 79.408879 seconds.
  path: Assets/Visual/Material/Grid.mat
  artifactKey: Guid(d4d83b40cd740e54d9229febb4d9be7b) Importer(815301076,1909f56bfc062723c751e8b465ee728b)
Start importing Assets/Visual/Material/Grid.mat using Guid(d4d83b40cd740e54d9229febb4d9be7b) Importer(815301076,1909f56bfc062723c751e8b465ee728b)  -> (artifact id: '3e05271218ad778a3b5cd4778e067616') in 0.021515 seconds 
========================================================================
Received Import Request.
  Time since last request: 2.886607 seconds.
  path: Assets/Visual/Material/Grid.mat
  artifactKey: Guid(d4d83b40cd740e54d9229febb4d9be7b) Importer(815301076,1909f56bfc062723c751e8b465ee728b)
Start importing Assets/Visual/Material/Grid.mat using Guid(d4d83b40cd740e54d9229febb4d9be7b) Importer(815301076,1909f56bfc062723c751e8b465ee728b)  -> (artifact id: '4504e6495c166c1a5a48d9cd3f329642') in 0.023990 seconds 
========================================================================
Received Import Request.
  Time since last request: 11.610922 seconds.
  path: Assets/Visual/Material/Grid.mat
  artifactKey: Guid(d4d83b40cd740e54d9229febb4d9be7b) Importer(815301076,1909f56bfc062723c751e8b465ee728b)
Start importing Assets/Visual/Material/Grid.mat using Guid(d4d83b40cd740e54d9229febb4d9be7b) Importer(815301076,1909f56bfc062723c751e8b465ee728b)  -> (artifact id: '0efb54ac8942c5de31ea7dd57547d93f') in 0.024336 seconds 
========================================================================
Received Import Request.
  Time since last request: 201.760484 seconds.
  path: Assets/Visual/Material/Grid.mat
  artifactKey: Guid(d4d83b40cd740e54d9229febb4d9be7b) Importer(815301076,1909f56bfc062723c751e8b465ee728b)
Start importing Assets/Visual/Material/Grid.mat using Guid(d4d83b40cd740e54d9229febb4d9be7b) Importer(815301076,1909f56bfc062723c751e8b465ee728b)  -> (artifact id: '0d4c4080a837b7ddb3fb428126b73d8e') in 0.025721 seconds 
========================================================================
Received Import Request.
  Time since last request: 76.305522 seconds.
  path: Assets/Visual/Material/Grid.mat
  artifactKey: Guid(d4d83b40cd740e54d9229febb4d9be7b) Importer(815301076,1909f56bfc062723c751e8b465ee728b)
Start importing Assets/Visual/Material/Grid.mat using Guid(d4d83b40cd740e54d9229febb4d9be7b) Importer(815301076,1909f56bfc062723c751e8b465ee728b)  -> (artifact id: '515a85315c1aea66fd135753d30bb131') in 0.035457 seconds 
========================================================================
Received Import Request.
  Time since last request: 118.301214 seconds.
  path: Assets/Visual/Shader/GridShader.shadergraph
  artifactKey: Guid(bff2ece5a399fe143b9cafcb29321ba4) Importer(815301076,1909f56bfc062723c751e8b465ee728b)
Start importing Assets/Visual/Shader/GridShader.shadergraph using Guid(bff2ece5a399fe143b9cafcb29321ba4) Importer(815301076,1909f56bfc062723c751e8b465ee728b)  -> (artifact id: 'd2b43c17efaaf7bebd225fac87e46571') in 0.003329 seconds 
========================================================================
Received Import Request.
  Time since last request: 39.031136 seconds.
  path: Assets/Visual/Material/Grid.mat
  artifactKey: Guid(d4d83b40cd740e54d9229febb4d9be7b) Importer(815301076,1909f56bfc062723c751e8b465ee728b)
Start importing Assets/Visual/Material/Grid.mat using Guid(d4d83b40cd740e54d9229febb4d9be7b) Importer(815301076,1909f56bfc062723c751e8b465ee728b)  -> (artifact id: '699a5ce98e0e26cbe35b56a1c9c69ae8') in 0.013690 seconds 
========================================================================
Received Import Request.
  Time since last request: 14.277476 seconds.
  path: Assets/Visual/Shader/BlockoutTriplanar.shader
  artifactKey: Guid(1e894a605afe74541b9166ef9f5266bc) Importer(815301076,1909f56bfc062723c751e8b465ee728b)
Start importing Assets/Visual/Shader/BlockoutTriplanar.shader using Guid(1e894a605afe74541b9166ef9f5266bc) Importer(815301076,1909f56bfc062723c751e8b465ee728b)  -> (artifact id: '0fd863afd76c12a85dc24b8119a5b187') in 0.006910 seconds 
========================================================================
Received Import Request.
  Time since last request: 26.709604 seconds.
  path: Assets/Visual/Material/Grid.mat
  artifactKey: Guid(d4d83b40cd740e54d9229febb4d9be7b) Importer(815301076,1909f56bfc062723c751e8b465ee728b)
Start importing Assets/Visual/Material/Grid.mat using Guid(d4d83b40cd740e54d9229febb4d9be7b) Importer(815301076,1909f56bfc062723c751e8b465ee728b)  -> (artifact id: 'b02a92f657f47344bb3a6771f967bbd3') in 0.025317 seconds 
========================================================================
Received Import Request.
  Time since last request: 43.923715 seconds.
  path: Assets/Visual/NewBehaviourScript.cs
  artifactKey: Guid(074bca2d57872754aa36092a72aa5cf1) Importer(815301076,1909f56bfc062723c751e8b465ee728b)
Start importing Assets/Visual/NewBehaviourScript.cs using Guid(074bca2d57872754aa36092a72aa5cf1) Importer(815301076,1909f56bfc062723c751e8b465ee728b)  -> (artifact id: 'c6a9bb557db3b03e1001893032d8beb7') in 0.004717 seconds 
========================================================================
Received Prepare
Registering precompiled user dll's ...
Registered in 0.007086 seconds.
Begin MonoManager ReloadAssembly
Symbol file LoadedFromMemory doesn't match image D:\Personal\Unity\Licenta-A\Licenta-A\Library\PackageCache\com.unity.visualscripting@1.7.5\Editor\VisualScripting.Core\Dependencies\YamlDotNet\Unity.VisualScripting.YamlDotNet.dll
Symbol file LoadedFromMemory doesn't match image D:\Personal\Unity\Licenta-A\Licenta-A\Library\PackageCache\com.unity.visualscripting@1.7.5\Editor\VisualScripting.Core\Dependencies\DotNetZip\Unity.VisualScripting.IonicZip.dll
Native extension for WindowsStandalone target not found
Refreshing native plugins compatible for Editor in 0.63 ms, found 3 plugins.
Preloading 0 native plugins for Editor in 0.00 ms.
Mono: successfully reloaded assembly
- Completed reload, in  1.308 seconds
Domain Reload Profiling:
	ReloadAssembly (1308ms)
		BeginReloadAssembly (155ms)
			ExecutionOrderSort (0ms)
			DisableScriptedObjects (7ms)
			BackupInstance (0ms)
			ReleaseScriptingObjects (0ms)
			CreateAndSetChildDomain (51ms)
		EndReloadAssembly (1035ms)
			LoadAssemblies (96ms)
			RebuildTransferFunctionScriptingTraits (0ms)
			SetupTypeCache (282ms)
			ReleaseScriptCaches (1ms)
			RebuildScriptCaches (43ms)
			SetupLoadedEditorAssemblies (469ms)
				LogAssemblyErrors (0ms)
				InitializePlatformSupportModulesInManaged (10ms)
				SetLoadedEditorAssemblies (0ms)
				RefreshPlugins (1ms)
				BeforeProcessingInitializeOnLoad (77ms)
				ProcessInitializeOnLoadAttributes (309ms)
				ProcessInitializeOnLoadMethodAttributes (63ms)
				AfterProcessingInitializeOnLoad (8ms)
				EditorAssembliesLoaded (0ms)
			ExecutionOrderSort2 (0ms)
			AwakeInstancesAfterBackupRestoration (23ms)
Platform modules already initialized, skipping
Refreshing native plugins compatible for Editor in 1.19 ms, found 3 plugins.
Preloading 0 native plugins for Editor in 0.00 ms.
Unloading 4741 Unused Serialized files (Serialized files now loaded: 0)
Unloading 26 unused Assets / (310.0 KB). Loaded Objects now: 5427.
Memory consumption went from 196.2 MB to 195.9 MB.
Total: 3.836000 ms (FindLiveObjects: 0.371000 ms CreateObjectMapping: 0.308000 ms MarkObjects: 3.077700 ms  DeleteObjects: 0.078400 ms)

AssetImportParameters requested are different than current active one (requested -> active):
  custom:video-decoder-ogg-theora: a1e56fd34408186e4bbccfd4996cb3dc -> 
  custom:container-muxer-webm: aa71ff27fc2769a1b78a27578f13a17b -> 
  custom:container-demuxer-webm: 4f35f7cbe854078d1ac9338744f61a02 -> 
  custom:video-encoder-webm-vp8: eb34c28f22e8b96e1ab97ce403110664 -> 
  custom:audio-encoder-webm-vorbis: bf7c407c2cedff20999df2af8eb42d56 -> 
  custom:framework-win-MediaFoundation: 216162199b28c13a410421893ffa2e32 -> 
  custom:container-demuxer-ogg: 62fdf1f143b41e24485cea50d1cbac27 -> 
  custom:video-decoder-webm-vp8: 9c59270c3fd7afecdb556c50c9e8de78 -> 
  custom:audio-decoder-ogg-vorbis: bf7c407c2cedff20999df2af8eb42d56 -> 
========================================================================
Received Import Request.
  Time since last request: 87.183106 seconds.
  path: Assets/Visual/Texture
  artifactKey: Guid(89e5e575114dc1140a9217335a43ec2c) Importer(815301076,1909f56bfc062723c751e8b465ee728b)
Start importing Assets/Visual/Texture using Guid(89e5e575114dc1140a9217335a43ec2c) Importer(815301076,1909f56bfc062723c751e8b465ee728b)  -> (artifact id: '10acae6548a61f8efe3f73aca58e27b4') in 0.010478 seconds 
========================================================================
Received Import Request.
  Time since last request: 4.995338 seconds.
  path: Assets/Visual/Texture/Grid128-blockout-low-contrast.png
  artifactKey: Guid(084b3548400a7a442a8ba4e3b66c0b9d) Importer(815301076,1909f56bfc062723c751e8b465ee728b)
Start importing Assets/Visual/Texture/Grid128-blockout-low-contrast.png using Guid(084b3548400a7a442a8ba4e3b66c0b9d) Importer(815301076,1909f56bfc062723c751e8b465ee728b)  -> (artifact id: 'fbe15d1f428c602ee41e1d3acdbd6870') in 0.034640 seconds 
